{"/Users/timizqi/repos/tagd/spec/TagdSpec.js":{"path":"/Users/timizqi/repos/tagd/spec/TagdSpec.js","s":{"1":1,"2":1,"3":1,"4":1,"5":1,"6":1,"7":1,"8":1,"9":1,"10":1,"11":3,"12":1,"13":1,"14":1,"15":1,"16":1,"17":0,"18":0,"19":0,"20":0,"21":1,"22":1,"23":1,"24":1,"25":1,"26":1,"27":0,"28":0,"29":1,"30":1,"31":1,"32":1,"33":1,"34":1,"35":1,"36":3,"37":1,"38":1,"39":1,"40":1,"41":1,"42":1,"43":3,"44":1,"45":1,"46":1,"47":1,"48":1,"49":1,"50":1,"51":3,"52":1,"53":1,"54":1},"b":{"1":[1,0],"2":[1,1]},"f":{"1":1},"fnMap":{"1":{"name":"_interopRequireDefault","line":7,"loc":{"start":{"line":7,"column":0},"end":{"line":7,"column":37}}}},"statementMap":{"1":{"start":{"line":3,"column":0},"end":{"line":3,"column":40}},"2":{"start":{"line":5,"column":0},"end":{"line":5,"column":45}},"3":{"start":{"line":7,"column":0},"end":{"line":7,"column":95}},"4":{"start":{"line":7,"column":39},"end":{"line":7,"column":93}},"5":{"start":{"line":9,"column":0},"end":{"line":90,"column":3}},"6":{"start":{"line":11,"column":2},"end":{"line":11,"column":35}},"7":{"start":{"line":12,"column":2},"end":{"line":14,"column":5}},"8":{"start":{"line":13,"column":4},"end":{"line":13,"column":57}},"9":{"start":{"line":15,"column":2},"end":{"line":32,"column":5}},"10":{"start":{"line":16,"column":4},"end":{"line":18,"column":7}},"11":{"start":{"line":17,"column":6},"end":{"line":17,"column":26}},"12":{"start":{"line":19,"column":4},"end":{"line":31,"column":7}},"13":{"start":{"line":20,"column":6},"end":{"line":27,"column":9}},"14":{"start":{"line":21,"column":8},"end":{"line":21,"column":25}},"15":{"start":{"line":22,"column":8},"end":{"line":22,"column":32}},"16":{"start":{"line":23,"column":8},"end":{"line":23,"column":15}},"17":{"start":{"line":25,"column":8},"end":{"line":25,"column":25}},"18":{"start":{"line":26,"column":8},"end":{"line":26,"column":15}},"19":{"start":{"line":29,"column":6},"end":{"line":29,"column":23}},"20":{"start":{"line":30,"column":6},"end":{"line":30,"column":13}},"21":{"start":{"line":34,"column":2},"end":{"line":45,"column":5}},"22":{"start":{"line":35,"column":4},"end":{"line":35,"column":36}},"23":{"start":{"line":36,"column":4},"end":{"line":44,"column":7}},"24":{"start":{"line":37,"column":6},"end":{"line":43,"column":9}},"25":{"start":{"line":38,"column":8},"end":{"line":38,"column":40}},"26":{"start":{"line":39,"column":8},"end":{"line":39,"column":15}},"27":{"start":{"line":41,"column":8},"end":{"line":41,"column":25}},"28":{"start":{"line":42,"column":8},"end":{"line":42,"column":15}},"29":{"start":{"line":47,"column":2},"end":{"line":54,"column":5}},"30":{"start":{"line":48,"column":4},"end":{"line":53,"column":7}},"31":{"start":{"line":49,"column":6},"end":{"line":52,"column":9}},"32":{"start":{"line":50,"column":8},"end":{"line":50,"column":35}},"33":{"start":{"line":51,"column":8},"end":{"line":51,"column":15}},"34":{"start":{"line":56,"column":2},"end":{"line":66,"column":5}},"35":{"start":{"line":57,"column":4},"end":{"line":59,"column":7}},"36":{"start":{"line":58,"column":6},"end":{"line":58,"column":26}},"37":{"start":{"line":60,"column":4},"end":{"line":65,"column":7}},"38":{"start":{"line":61,"column":6},"end":{"line":64,"column":9}},"39":{"start":{"line":62,"column":8},"end":{"line":62,"column":34}},"40":{"start":{"line":63,"column":8},"end":{"line":63,"column":15}},"41":{"start":{"line":68,"column":2},"end":{"line":78,"column":5}},"42":{"start":{"line":69,"column":4},"end":{"line":71,"column":7}},"43":{"start":{"line":70,"column":6},"end":{"line":70,"column":26}},"44":{"start":{"line":72,"column":4},"end":{"line":77,"column":7}},"45":{"start":{"line":73,"column":6},"end":{"line":76,"column":9}},"46":{"start":{"line":74,"column":8},"end":{"line":74,"column":34}},"47":{"start":{"line":75,"column":8},"end":{"line":75,"column":15}},"48":{"start":{"line":79,"column":2},"end":{"line":89,"column":5}},"49":{"start":{"line":80,"column":4},"end":{"line":88,"column":7}},"50":{"start":{"line":81,"column":6},"end":{"line":83,"column":9}},"51":{"start":{"line":82,"column":8},"end":{"line":82,"column":28}},"52":{"start":{"line":84,"column":6},"end":{"line":87,"column":9}},"53":{"start":{"line":85,"column":8},"end":{"line":85,"column":145}},"54":{"start":{"line":86,"column":8},"end":{"line":86,"column":15}}},"branchMap":{"1":{"line":7,"type":"cond-expr","locations":[{"start":{"line":7,"column":70},"end":{"line":7,"column":73}},{"start":{"line":7,"column":76},"end":{"line":7,"column":92}}]},"2":{"line":7,"type":"binary-expr","locations":[{"start":{"line":7,"column":46},"end":{"line":7,"column":49}},{"start":{"line":7,"column":53},"end":{"line":7,"column":67}}]}}},"/Users/timizqi/repos/tagd/lib/index.js":{"path":"/Users/timizqi/repos/tagd/lib/index.js","s":{"1":1,"2":1,"3":1,"4":1,"5":1,"6":1,"7":2,"8":1,"9":33,"10":33,"11":33,"12":1,"13":41,"14":41,"15":41,"16":0,"17":0,"18":41,"19":33,"20":8,"21":8,"22":0,"23":33,"24":1,"25":1,"26":12,"27":12,"28":12,"29":12,"30":0,"31":3,"32":3,"33":3,"34":3,"35":13,"36":13,"37":13,"38":13,"39":13,"40":13,"41":13,"42":13,"43":3,"44":13,"45":13,"46":10,"47":10,"48":3,"49":3,"50":14,"51":14,"52":14,"53":14,"54":14,"55":0,"56":14,"57":1,"58":1,"59":1,"60":1,"61":0,"62":1,"63":1,"64":1,"65":3,"66":3,"67":1,"68":4,"69":4,"70":4,"71":4,"72":8,"73":11,"74":11,"75":11,"76":10,"77":11,"78":1,"79":11,"80":11,"81":1},"b":{"1":[0,2],"2":[2,2],"3":[33,8],"4":[13,0],"5":[3,10],"6":[0,14],"7":[0,1],"8":[1,0],"9":[3,0]},"f":{"1":2,"2":33,"3":33,"4":33,"5":41,"6":8,"7":0,"8":1,"9":12,"10":12,"11":12,"12":0,"13":3,"14":3,"15":13,"16":13,"17":13,"18":13,"19":13,"20":10,"21":3,"22":14,"23":1,"24":1,"25":3,"26":4,"27":4,"28":8,"29":11},"fnMap":{"1":{"name":"_interopRequireDefault","line":15,"loc":{"start":{"line":15,"column":0},"end":{"line":15,"column":37}}},"2":{"name":"_asyncToGenerator","line":17,"loc":{"start":{"line":17,"column":0},"end":{"line":17,"column":31}}},"3":{"name":"(anonymous_3)","line":17,"loc":{"start":{"line":17,"column":40},"end":{"line":17,"column":52}}},"4":{"name":"(anonymous_4)","line":17,"loc":{"start":{"line":17,"column":110},"end":{"line":17,"column":137}}},"5":{"name":"step","line":17,"loc":{"start":{"line":17,"column":139},"end":{"line":17,"column":163}}},"6":{"name":"(anonymous_6)","line":17,"loc":{"start":{"line":17,"column":341},"end":{"line":17,"column":358}}},"7":{"name":"(anonymous_7)","line":17,"loc":{"start":{"line":17,"column":384},"end":{"line":17,"column":399}}},"8":{"name":"(anonymous_8)","line":20,"loc":{"start":{"line":20,"column":13},"end":{"line":20,"column":20}}},"9":{"name":"(anonymous_9)","line":24,"loc":{"start":{"line":24,"column":12},"end":{"line":24,"column":15}}},"10":{"name":"(anonymous_10)","line":27,"loc":{"start":{"line":27,"column":29},"end":{"line":27,"column":42}}},"11":{"name":"(anonymous_11)","line":28,"loc":{"start":{"line":28,"column":44},"end":{"line":28,"column":59}}},"12":{"name":"(anonymous_12)","line":30,"loc":{"start":{"line":30,"column":15},"end":{"line":30,"column":30}}},"13":{"name":"(anonymous_13)","line":35,"loc":{"start":{"line":35,"column":15},"end":{"line":35,"column":18}}},"14":{"name":"(anonymous_14)","line":38,"loc":{"start":{"line":38,"column":29},"end":{"line":38,"column":42}}},"15":{"name":"(anonymous_15)","line":43,"loc":{"start":{"line":43,"column":11},"end":{"line":43,"column":18}}},"16":{"name":"(anonymous_16)","line":44,"loc":{"start":{"line":44,"column":29},"end":{"line":44,"column":42}}},"17":{"name":"(anonymous_17)","line":48,"loc":{"start":{"line":48,"column":17},"end":{"line":48,"column":32}}},"18":{"name":"(anonymous_18)","line":49,"loc":{"start":{"line":49,"column":29},"end":{"line":49,"column":56}}},"19":{"name":"(anonymous_19)","line":50,"loc":{"start":{"line":50,"column":22},"end":{"line":50,"column":55}}},"20":{"name":"(anonymous_20)","line":58,"loc":{"start":{"line":58,"column":28},"end":{"line":58,"column":46}}},"21":{"name":"(anonymous_21)","line":61,"loc":{"start":{"line":61,"column":17},"end":{"line":61,"column":32}}},"22":{"name":"(anonymous_22)","line":68,"loc":{"start":{"line":68,"column":19},"end":{"line":68,"column":22}}},"23":{"name":"(anonymous_23)","line":80,"loc":{"start":{"line":80,"column":20},"end":{"line":80,"column":30}}},"24":{"name":"(anonymous_24)","line":83,"loc":{"start":{"line":83,"column":29},"end":{"line":83,"column":42}}},"25":{"name":"(anonymous_25)","line":88,"loc":{"start":{"line":88,"column":24},"end":{"line":88,"column":39}}},"26":{"name":"(anonymous_26)","line":97,"loc":{"start":{"line":97,"column":31},"end":{"line":97,"column":39}}},"27":{"name":"(anonymous_27)","line":100,"loc":{"start":{"line":100,"column":29},"end":{"line":100,"column":42}}},"28":{"name":"(anonymous_28)","line":102,"loc":{"start":{"line":102,"column":38},"end":{"line":102,"column":53}}},"29":{"name":"(anonymous_29)","line":107,"loc":{"start":{"line":107,"column":11},"end":{"line":107,"column":21}}}},"statementMap":{"1":{"start":{"line":3,"column":0},"end":{"line":5,"column":3}},"2":{"start":{"line":7,"column":0},"end":{"line":7,"column":24}},"3":{"start":{"line":9,"column":0},"end":{"line":9,"column":39}},"4":{"start":{"line":11,"column":0},"end":{"line":11,"column":46}},"5":{"start":{"line":13,"column":0},"end":{"line":13,"column":61}},"6":{"start":{"line":15,"column":0},"end":{"line":15,"column":95}},"7":{"start":{"line":15,"column":39},"end":{"line":15,"column":93}},"8":{"start":{"line":17,"column":0},"end":{"line":17,"column":458}},"9":{"start":{"line":17,"column":33},"end":{"line":17,"column":456}},"10":{"start":{"line":17,"column":54},"end":{"line":17,"column":90}},"11":{"start":{"line":17,"column":91},"end":{"line":17,"column":453}},"12":{"start":{"line":17,"column":139},"end":{"line":17,"column":428}},"13":{"start":{"line":17,"column":165},"end":{"line":17,"column":263}},"14":{"start":{"line":17,"column":171},"end":{"line":17,"column":196}},"15":{"start":{"line":17,"column":197},"end":{"line":17,"column":220}},"16":{"start":{"line":17,"column":239},"end":{"line":17,"column":253}},"17":{"start":{"line":17,"column":254},"end":{"line":17,"column":261}},"18":{"start":{"line":17,"column":264},"end":{"line":17,"column":426}},"19":{"start":{"line":17,"column":281},"end":{"line":17,"column":296}},"20":{"start":{"line":17,"column":306},"end":{"line":17,"column":424}},"21":{"start":{"line":17,"column":360},"end":{"line":17,"column":380}},"22":{"start":{"line":17,"column":401},"end":{"line":17,"column":420}},"23":{"start":{"line":17,"column":429},"end":{"line":17,"column":449}},"24":{"start":{"line":21,"column":4},"end":{"line":21,"column":19}},"25":{"start":{"line":22,"column":4},"end":{"line":22,"column":35}},"26":{"start":{"line":25,"column":4},"end":{"line":25,"column":21}},"27":{"start":{"line":27,"column":4},"end":{"line":33,"column":9}},"28":{"start":{"line":28,"column":6},"end":{"line":32,"column":9}},"29":{"start":{"line":29,"column":8},"end":{"line":29,"column":38}},"30":{"start":{"line":31,"column":8},"end":{"line":31,"column":35}},"31":{"start":{"line":36,"column":4},"end":{"line":36,"column":22}},"32":{"start":{"line":38,"column":4},"end":{"line":41,"column":9}},"33":{"start":{"line":39,"column":6},"end":{"line":39,"column":46}},"34":{"start":{"line":40,"column":6},"end":{"line":40,"column":66}},"35":{"start":{"line":44,"column":4},"end":{"line":66,"column":9}},"36":{"start":{"line":45,"column":6},"end":{"line":65,"column":7}},"37":{"start":{"line":46,"column":8},"end":{"line":46,"column":48}},"38":{"start":{"line":47,"column":8},"end":{"line":47,"column":38}},"39":{"start":{"line":48,"column":8},"end":{"line":57,"column":10}},"40":{"start":{"line":49,"column":10},"end":{"line":56,"column":13}},"41":{"start":{"line":50,"column":12},"end":{"line":55,"column":15}},"42":{"start":{"line":51,"column":14},"end":{"line":53,"column":15}},"43":{"start":{"line":52,"column":16},"end":{"line":52,"column":30}},"44":{"start":{"line":54,"column":14},"end":{"line":54,"column":30}},"45":{"start":{"line":58,"column":8},"end":{"line":64,"column":11}},"46":{"start":{"line":59,"column":10},"end":{"line":59,"column":30}},"47":{"start":{"line":60,"column":10},"end":{"line":60,"column":22}},"48":{"start":{"line":62,"column":10},"end":{"line":62,"column":27}},"49":{"start":{"line":63,"column":10},"end":{"line":63,"column":23}},"50":{"start":{"line":69,"column":4},"end":{"line":69,"column":44}},"51":{"start":{"line":70,"column":4},"end":{"line":70,"column":24}},"52":{"start":{"line":71,"column":4},"end":{"line":78,"column":7}},"53":{"start":{"line":72,"column":6},"end":{"line":77,"column":9}},"54":{"start":{"line":73,"column":8},"end":{"line":75,"column":9}},"55":{"start":{"line":74,"column":10},"end":{"line":74,"column":24}},"56":{"start":{"line":76,"column":8},"end":{"line":76,"column":24}},"57":{"start":{"line":81,"column":4},"end":{"line":81,"column":22}},"58":{"start":{"line":83,"column":4},"end":{"line":95,"column":9}},"59":{"start":{"line":84,"column":6},"end":{"line":84,"column":46}},"60":{"start":{"line":85,"column":6},"end":{"line":85,"column":44}},"61":{"start":{"line":85,"column":30},"end":{"line":85,"column":44}},"62":{"start":{"line":86,"column":6},"end":{"line":86,"column":36}},"63":{"start":{"line":87,"column":6},"end":{"line":93,"column":7}},"64":{"start":{"line":88,"column":8},"end":{"line":92,"column":11}},"65":{"start":{"line":89,"column":10},"end":{"line":91,"column":11}},"66":{"start":{"line":90,"column":12},"end":{"line":90,"column":41}},"67":{"start":{"line":94,"column":6},"end":{"line":94,"column":20}},"68":{"start":{"line":98,"column":4},"end":{"line":98,"column":22}},"69":{"start":{"line":100,"column":4},"end":{"line":105,"column":9}},"70":{"start":{"line":101,"column":6},"end":{"line":101,"column":46}},"71":{"start":{"line":102,"column":6},"end":{"line":104,"column":9}},"72":{"start":{"line":103,"column":8},"end":{"line":103,"column":30}},"73":{"start":{"line":108,"column":4},"end":{"line":108,"column":48}},"74":{"start":{"line":109,"column":4},"end":{"line":109,"column":52}},"75":{"start":{"line":111,"column":4},"end":{"line":113,"column":7}},"76":{"start":{"line":112,"column":6},"end":{"line":112,"column":39}},"77":{"start":{"line":115,"column":4},"end":{"line":117,"column":7}},"78":{"start":{"line":116,"column":6},"end":{"line":116,"column":39}},"79":{"start":{"line":119,"column":4},"end":{"line":121,"column":7}},"80":{"start":{"line":120,"column":6},"end":{"line":120,"column":62}},"81":{"start":{"line":124,"column":0},"end":{"line":124,"column":23}}},"branchMap":{"1":{"line":15,"type":"cond-expr","locations":[{"start":{"line":15,"column":70},"end":{"line":15,"column":73}},{"start":{"line":15,"column":76},"end":{"line":15,"column":92}}]},"2":{"line":15,"type":"binary-expr","locations":[{"start":{"line":15,"column":46},"end":{"line":15,"column":49}},{"start":{"line":15,"column":53},"end":{"line":15,"column":67}}]},"3":{"line":17,"type":"if","locations":[{"start":{"line":17,"column":264},"end":{"line":17,"column":264}},{"start":{"line":17,"column":264},"end":{"line":17,"column":264}}]},"4":{"line":45,"type":"if","locations":[{"start":{"line":45,"column":6},"end":{"line":45,"column":6}},{"start":{"line":45,"column":6},"end":{"line":45,"column":6}}]},"5":{"line":51,"type":"if","locations":[{"start":{"line":51,"column":14},"end":{"line":51,"column":14}},{"start":{"line":51,"column":14},"end":{"line":51,"column":14}}]},"6":{"line":73,"type":"if","locations":[{"start":{"line":73,"column":8},"end":{"line":73,"column":8}},{"start":{"line":73,"column":8},"end":{"line":73,"column":8}}]},"7":{"line":85,"type":"if","locations":[{"start":{"line":85,"column":6},"end":{"line":85,"column":6}},{"start":{"line":85,"column":6},"end":{"line":85,"column":6}}]},"8":{"line":87,"type":"if","locations":[{"start":{"line":87,"column":6},"end":{"line":87,"column":6}},{"start":{"line":87,"column":6},"end":{"line":87,"column":6}}]},"9":{"line":89,"type":"if","locations":[{"start":{"line":89,"column":10},"end":{"line":89,"column":10}},{"start":{"line":89,"column":10},"end":{"line":89,"column":10}}]}}}}