TN:
SF:/Users/timizqi/repos/tagd/spec/TagdSpec.js
FN:7,_interopRequireDefault
FNF:1
FNH:1
FNDA:1,_interopRequireDefault
DA:3,1
DA:5,1
DA:7,1
DA:9,1
DA:11,1
DA:12,1
DA:13,1
DA:15,1
DA:16,1
DA:17,3
DA:19,1
DA:20,1
DA:21,1
DA:22,1
DA:23,1
DA:25,0
DA:26,0
DA:29,0
DA:30,0
DA:34,1
DA:35,1
DA:36,1
DA:37,1
DA:38,1
DA:39,1
DA:41,0
DA:42,0
DA:47,1
DA:48,1
DA:49,1
DA:50,1
DA:51,1
DA:56,1
DA:57,1
DA:58,3
DA:60,1
DA:61,1
DA:62,1
DA:63,1
DA:68,1
DA:69,1
DA:70,3
DA:72,1
DA:73,1
DA:74,1
DA:75,1
DA:79,1
DA:80,1
DA:81,1
DA:82,3
DA:84,1
DA:85,1
DA:86,1
LF:53
LH:47
BRDA:7,1,0,1
BRDA:7,1,1,0
BRDA:7,2,0,1
BRDA:7,2,1,1
BRF:4
BRH:3
end_of_record
TN:
SF:/Users/timizqi/repos/tagd/lib/index.js
FN:15,_interopRequireDefault
FN:17,_asyncToGenerator
FN:17,(anonymous_3)
FN:17,(anonymous_4)
FN:17,step
FN:17,(anonymous_6)
FN:17,(anonymous_7)
FN:20,(anonymous_8)
FN:24,(anonymous_9)
FN:27,(anonymous_10)
FN:28,(anonymous_11)
FN:30,(anonymous_12)
FN:35,(anonymous_13)
FN:38,(anonymous_14)
FN:43,(anonymous_15)
FN:44,(anonymous_16)
FN:48,(anonymous_17)
FN:49,(anonymous_18)
FN:50,(anonymous_19)
FN:58,(anonymous_20)
FN:61,(anonymous_21)
FN:68,(anonymous_22)
FN:80,(anonymous_23)
FN:83,(anonymous_24)
FN:88,(anonymous_25)
FN:97,(anonymous_26)
FN:100,(anonymous_27)
FN:102,(anonymous_28)
FN:107,(anonymous_29)
FNF:29
FNH:27
FNDA:2,_interopRequireDefault
FNDA:33,_asyncToGenerator
FNDA:33,(anonymous_3)
FNDA:33,(anonymous_4)
FNDA:41,step
FNDA:8,(anonymous_6)
FNDA:0,(anonymous_7)
FNDA:1,(anonymous_8)
FNDA:12,(anonymous_9)
FNDA:12,(anonymous_10)
FNDA:12,(anonymous_11)
FNDA:0,(anonymous_12)
FNDA:3,(anonymous_13)
FNDA:3,(anonymous_14)
FNDA:13,(anonymous_15)
FNDA:13,(anonymous_16)
FNDA:13,(anonymous_17)
FNDA:13,(anonymous_18)
FNDA:13,(anonymous_19)
FNDA:10,(anonymous_20)
FNDA:3,(anonymous_21)
FNDA:14,(anonymous_22)
FNDA:1,(anonymous_23)
FNDA:1,(anonymous_24)
FNDA:3,(anonymous_25)
FNDA:4,(anonymous_26)
FNDA:4,(anonymous_27)
FNDA:8,(anonymous_28)
FNDA:11,(anonymous_29)
DA:3,1
DA:7,1
DA:9,1
DA:11,1
DA:13,1
DA:15,2
DA:17,41
DA:21,1
DA:22,1
DA:25,12
DA:27,12
DA:28,12
DA:29,12
DA:31,0
DA:36,3
DA:38,3
DA:39,3
DA:40,3
DA:44,13
DA:45,13
DA:46,13
DA:47,13
DA:48,13
DA:49,13
DA:50,13
DA:51,13
DA:52,3
DA:54,13
DA:58,13
DA:59,10
DA:60,10
DA:62,3
DA:63,3
DA:69,14
DA:70,14
DA:71,14
DA:72,14
DA:73,14
DA:74,0
DA:76,14
DA:81,1
DA:83,1
DA:84,1
DA:85,1
DA:86,1
DA:87,1
DA:88,1
DA:89,3
DA:90,3
DA:94,1
DA:98,4
DA:100,4
DA:101,4
DA:102,4
DA:103,8
DA:108,11
DA:109,11
DA:111,11
DA:112,10
DA:115,11
DA:116,1
DA:119,11
DA:120,11
DA:124,1
LF:64
LH:62
BRDA:15,1,0,0
BRDA:15,1,1,2
BRDA:15,2,0,2
BRDA:15,2,1,2
BRDA:17,3,0,33
BRDA:17,3,1,8
BRDA:45,4,0,13
BRDA:45,4,1,0
BRDA:51,5,0,3
BRDA:51,5,1,10
BRDA:73,6,0,0
BRDA:73,6,1,14
BRDA:85,7,0,0
BRDA:85,7,1,1
BRDA:87,8,0,1
BRDA:87,8,1,0
BRDA:89,9,0,3
BRDA:89,9,1,0
BRF:18
BRH:12
end_of_record
