TN:
SF:/Users/timizqi/repos/tagd/spec/TagdSpec.js
FN:7,_interopRequireDefault
FNF:1
FNH:1
FNDA:1,_interopRequireDefault
DA:3,1
DA:5,1
DA:7,1
DA:9,1
DA:11,1
DA:12,1
DA:13,1
DA:15,1
DA:16,1
DA:17,3
DA:19,1
DA:20,1
DA:21,1
DA:22,1
DA:23,1
DA:25,0
DA:26,0
DA:29,0
DA:30,0
DA:34,1
DA:35,1
DA:36,1
DA:37,1
DA:38,1
DA:39,1
DA:41,0
DA:42,0
DA:47,1
DA:48,1
DA:49,1
DA:50,1
DA:51,1
DA:56,1
DA:57,1
DA:58,3
DA:60,1
DA:61,1
DA:62,1
DA:63,1
DA:68,1
DA:69,1
DA:70,3
DA:72,1
DA:73,1
DA:74,1
DA:75,1
DA:79,1
DA:80,1
DA:81,1
DA:82,3
DA:84,1
DA:85,1
DA:86,1
LF:53
LH:47
BRDA:7,1,0,1
BRDA:7,1,1,0
BRDA:7,2,0,1
BRDA:7,2,1,1
BRF:4
BRH:3
end_of_record
TN:
SF:/Users/timizqi/repos/tagd/lib/index.js
FN:15,_interopRequireDefault
FN:17,_asyncToGenerator
FN:17,(anonymous_3)
FN:17,(anonymous_4)
FN:17,step
FN:17,(anonymous_6)
FN:17,(anonymous_7)
FN:20,(anonymous_8)
FN:24,(anonymous_9)
FN:27,(anonymous_10)
FN:28,(anonymous_11)
FN:30,(anonymous_12)
FN:35,(anonymous_13)
FN:38,(anonymous_14)
FN:43,(anonymous_15)
FN:44,(anonymous_16)
FN:48,(anonymous_17)
FN:49,(anonymous_18)
FN:50,(anonymous_19)
FN:58,(anonymous_20)
FN:61,(anonymous_21)
FN:68,(anonymous_22)
FN:69,(anonymous_23)
FN:72,(anonymous_24)
FN:73,(anonymous_25)
FN:82,(anonymous_26)
FN:85,(anonymous_27)
FN:90,(anonymous_28)
FN:100,(anonymous_29)
FN:103,(anonymous_30)
FN:105,(anonymous_31)
FN:111,(anonymous_32)
FN:128,(anonymous_33)
FN:131,(anonymous_34)
FNF:34
FNH:29
FNDA:2,_interopRequireDefault
FNDA:47,_asyncToGenerator
FNDA:47,(anonymous_3)
FNDA:47,(anonymous_4)
FNDA:55,step
FNDA:8,(anonymous_6)
FNDA:0,(anonymous_7)
FNDA:1,(anonymous_8)
FNDA:12,(anonymous_9)
FNDA:12,(anonymous_10)
FNDA:12,(anonymous_11)
FNDA:0,(anonymous_12)
FNDA:3,(anonymous_13)
FNDA:3,(anonymous_14)
FNDA:13,(anonymous_15)
FNDA:13,(anonymous_16)
FNDA:13,(anonymous_17)
FNDA:13,(anonymous_18)
FNDA:13,(anonymous_19)
FNDA:13,(anonymous_20)
FNDA:0,(anonymous_21)
FNDA:14,(anonymous_22)
FNDA:14,(anonymous_23)
FNDA:14,(anonymous_24)
FNDA:14,(anonymous_25)
FNDA:1,(anonymous_26)
FNDA:1,(anonymous_27)
FNDA:3,(anonymous_28)
FNDA:4,(anonymous_29)
FNDA:4,(anonymous_30)
FNDA:11,(anonymous_31)
FNDA:14,(anonymous_32)
FNDA:0,(anonymous_33)
FNDA:0,(anonymous_34)
DA:3,1
DA:7,1
DA:9,1
DA:11,1
DA:13,1
DA:15,2
DA:17,55
DA:21,1
DA:22,1
DA:25,12
DA:27,12
DA:28,12
DA:29,12
DA:31,0
DA:36,3
DA:38,3
DA:39,3
DA:40,3
DA:44,13
DA:45,13
DA:46,13
DA:47,13
DA:48,13
DA:49,13
DA:50,13
DA:51,13
DA:52,0
DA:54,13
DA:58,13
DA:59,13
DA:60,13
DA:62,0
DA:63,0
DA:69,14
DA:70,14
DA:71,14
DA:72,14
DA:73,14
DA:74,14
DA:75,0
DA:77,14
DA:83,1
DA:85,1
DA:86,1
DA:87,1
DA:88,1
DA:89,1
DA:90,1
DA:91,3
DA:92,3
DA:96,1
DA:101,4
DA:103,4
DA:104,4
DA:105,4
DA:106,11
DA:112,14
DA:113,14
DA:115,14
DA:116,13
DA:119,14
DA:120,1
DA:123,14
DA:124,14
DA:129,0
DA:131,0
DA:132,0
DA:136,1
LF:68
LH:60
BRDA:15,1,0,0
BRDA:15,1,1,2
BRDA:15,2,0,2
BRDA:15,2,1,2
BRDA:17,3,0,47
BRDA:17,3,1,8
BRDA:45,4,0,13
BRDA:45,4,1,0
BRDA:51,5,0,0
BRDA:51,5,1,13
BRDA:74,6,0,0
BRDA:74,6,1,14
BRDA:87,7,0,0
BRDA:87,7,1,1
BRDA:89,8,0,1
BRDA:89,8,1,0
BRDA:91,9,0,3
BRDA:91,9,1,0
BRF:18
BRH:11
end_of_record
